This file contains any messages produced by compilers while
running configure, to aid debugging if configure makes a mistake.

It was created by configure, which was
generated by GNU Autoconf 2.69.  Invocation command line was

  $ ./configure 

## --------- ##
## Platform. ##
## --------- ##

hostname = zoucao-pek1
uname -m = x86_64
uname -r = 3.13.0-68-generic
uname -s = Linux
uname -v = #111-Ubuntu SMP Fri Nov 6 18:17:06 UTC 2015

/usr/bin/uname -p = unknown
/bin/uname -X     = unknown

/bin/arch              = unknown
/usr/bin/arch -k       = unknown
/usr/convex/getsysinfo = unknown
/usr/bin/hostinfo      = unknown
/bin/machine           = unknown
/usr/bin/oslevel       = unknown
/bin/universe          = unknown

PATH: /home/zoucao/bin/jdk1.6.0/bin/
PATH: /home/zoucao/bin/
PATH: /home/zoucao/bin/wrgit
PATH: /home/zoucao/bin/jdk1.6.0/bin/
PATH: /home/zoucao/bin/
PATH: /home/zoucao/bin/wrgit
PATH: /home/zoucao/bin
PATH: /usr/local/sbin
PATH: /usr/local/bin
PATH: /usr/sbin
PATH: /usr/bin
PATH: /sbin
PATH: /bin
PATH: /usr/games
PATH: /usr/local/games


## ----------- ##
## Core tests. ##
## ----------- ##

configure:2146: checking for ranlib
configure:2162: found /usr/bin/ranlib
configure:2173: result: ranlib
configure:2195: checking whether make sets $(MAKE)
configure:2217: result: yes
configure:2275: checking for gcc
configure:2291: found /usr/bin/gcc
configure:2302: result: gcc
configure:2531: checking for C compiler version
configure:2540: gcc --version >&5
gcc (Ubuntu 4.8.4-2ubuntu1~14.04) 4.8.4
Copyright (C) 2013 Free Software Foundation, Inc.
This is free software; see the source for copying conditions.  There is NO
warranty; not even for MERCHANTABILITY or FITNESS FOR A PARTICULAR PURPOSE.

configure:2551: $? = 0
configure:2540: gcc -v >&5
Using built-in specs.
COLLECT_GCC=gcc
COLLECT_LTO_WRAPPER=/usr/lib/gcc/x86_64-linux-gnu/4.8/lto-wrapper
Target: x86_64-linux-gnu
Configured with: ../src/configure -v --with-pkgversion='Ubuntu 4.8.4-2ubuntu1~14.04' --with-bugurl=file:///usr/share/doc/gcc-4.8/README.Bugs --enable-languages=c,c++,java,go,d,fortran,objc,obj-c++ --prefix=/usr --program-suffix=-4.8 --enable-shared --enable-linker-build-id --libexecdir=/usr/lib --without-included-gettext --enable-threads=posix --with-gxx-include-dir=/usr/include/c++/4.8 --libdir=/usr/lib --enable-nls --with-sysroot=/ --enable-clocale=gnu --enable-libstdcxx-debug --enable-libstdcxx-time=yes --enable-gnu-unique-object --disable-libmudflap --enable-plugin --with-system-zlib --disable-browser-plugin --enable-java-awt=gtk --enable-gtk-cairo --with-java-home=/usr/lib/jvm/java-1.5.0-gcj-4.8-amd64/jre --enable-java-home --with-jvm-root-dir=/usr/lib/jvm/java-1.5.0-gcj-4.8-amd64 --with-jvm-jar-dir=/usr/lib/jvm-exports/java-1.5.0-gcj-4.8-amd64 --with-arch-directory=amd64 --with-ecj-jar=/usr/share/java/eclipse-ecj.jar --enable-objc-gc --enable-multiarch --disable-werror --with-arch-32=i686 --with-abi=m64 --with-multilib-list=m32,m64,mx32 --with-tune=generic --enable-checking=release --build=x86_64-linux-gnu --host=x86_64-linux-gnu --target=x86_64-linux-gnu
Thread model: posix
gcc version 4.8.4 (Ubuntu 4.8.4-2ubuntu1~14.04) 
configure:2551: $? = 0
configure:2540: gcc -V >&5
gcc: error: unrecognized command line option '-V'
gcc: fatal error: no input files
compilation terminated.
configure:2551: $? = 4
configure:2540: gcc -qversion >&5
gcc: error: unrecognized command line option '-qversion'
gcc: fatal error: no input files
compilation terminated.
configure:2551: $? = 4
configure:2571: checking whether the C compiler works
configure:2593: gcc    conftest.c  >&5
configure:2597: $? = 0
configure:2645: result: yes
configure:2648: checking for C compiler default output file name
configure:2650: result: a.out
configure:2656: checking for suffix of executables
configure:2663: gcc -o conftest    conftest.c  >&5
configure:2667: $? = 0
configure:2689: result: 
configure:2711: checking whether we are cross compiling
configure:2719: gcc -o conftest    conftest.c  >&5
configure:2723: $? = 0
configure:2730: ./conftest
configure:2734: $? = 0
configure:2749: result: no
configure:2754: checking for suffix of object files
configure:2776: gcc -c   conftest.c >&5
configure:2780: $? = 0
configure:2801: result: o
configure:2805: checking whether we are using the GNU C compiler
configure:2824: gcc -c   conftest.c >&5
configure:2824: $? = 0
configure:2833: result: yes
configure:2842: checking whether gcc accepts -g
configure:2862: gcc -c -g  conftest.c >&5
configure:2862: $? = 0
configure:2903: result: yes
configure:2920: checking for gcc option to accept ISO C89
configure:2983: gcc  -c -g -O2  conftest.c >&5
configure:2983: $? = 0
configure:2996: result: none needed
configure:3060: checking for a BSD-compatible install
configure:3128: result: /usr/bin/install -c
configure:3146: checking how to run the C preprocessor
configure:3177: gcc -E  conftest.c
configure:3177: $? = 0
configure:3191: gcc -E  conftest.c
conftest.c:9:28: fatal error: ac_nonexistent.h: No such file or directory
 #include <ac_nonexistent.h>
                            ^
compilation terminated.
configure:3191: $? = 1
configure: failed program was:
| /* confdefs.h */
| #define PACKAGE_NAME ""
| #define PACKAGE_TARNAME ""
| #define PACKAGE_VERSION ""
| #define PACKAGE_STRING ""
| #define PACKAGE_BUGREPORT ""
| #define PACKAGE_URL ""
| /* end confdefs.h.  */
| #include <ac_nonexistent.h>
configure:3216: result: gcc -E
configure:3236: gcc -E  conftest.c
configure:3236: $? = 0
configure:3250: gcc -E  conftest.c
conftest.c:9:28: fatal error: ac_nonexistent.h: No such file or directory
 #include <ac_nonexistent.h>
                            ^
compilation terminated.
configure:3250: $? = 1
configure: failed program was:
| /* confdefs.h */
| #define PACKAGE_NAME ""
| #define PACKAGE_TARNAME ""
| #define PACKAGE_VERSION ""
| #define PACKAGE_STRING ""
| #define PACKAGE_BUGREPORT ""
| #define PACKAGE_URL ""
| /* end confdefs.h.  */
| #include <ac_nonexistent.h>
configure:3279: checking for grep that handles long lines and -e
configure:3337: result: /bin/grep
configure:3342: checking for egrep
configure:3404: result: /bin/grep -E
configure:3409: checking for ANSI C header files
configure:3429: gcc -c -g -O2 -Wall  conftest.c >&5
configure:3429: $? = 0
configure:3502: gcc -o conftest -g -O2 -Wall   conftest.c  >&5
configure:3502: $? = 0
configure:3502: ./conftest
configure:3502: $? = 0
configure:3513: result: yes
configure:3526: checking for sys/types.h
configure:3526: gcc -c -g -O2 -Wall  conftest.c >&5
configure:3526: $? = 0
configure:3526: result: yes
configure:3526: checking for sys/stat.h
configure:3526: gcc -c -g -O2 -Wall  conftest.c >&5
configure:3526: $? = 0
configure:3526: result: yes
configure:3526: checking for stdlib.h
configure:3526: gcc -c -g -O2 -Wall  conftest.c >&5
configure:3526: $? = 0
configure:3526: result: yes
configure:3526: checking for string.h
configure:3526: gcc -c -g -O2 -Wall  conftest.c >&5
configure:3526: $? = 0
configure:3526: result: yes
configure:3526: checking for memory.h
configure:3526: gcc -c -g -O2 -Wall  conftest.c >&5
configure:3526: $? = 0
configure:3526: result: yes
configure:3526: checking for strings.h
configure:3526: gcc -c -g -O2 -Wall  conftest.c >&5
configure:3526: $? = 0
configure:3526: result: yes
configure:3526: checking for inttypes.h
configure:3526: gcc -c -g -O2 -Wall  conftest.c >&5
configure:3526: $? = 0
configure:3526: result: yes
configure:3526: checking for stdint.h
configure:3526: gcc -c -g -O2 -Wall  conftest.c >&5
configure:3526: $? = 0
configure:3526: result: yes
configure:3526: checking for unistd.h
configure:3526: gcc -c -g -O2 -Wall  conftest.c >&5
configure:3526: $? = 0
configure:3526: result: yes
configure:3541: checking for string.h
configure:3541: result: yes
configure:3541: checking for strings.h
configure:3541: result: yes
configure:3541: checking for memory.h
configure:3541: result: yes
configure:3541: checking malloc.h usability
configure:3541: gcc -c -g -O2 -Wall  conftest.c >&5
configure:3541: $? = 0
configure:3541: result: yes
configure:3541: checking malloc.h presence
configure:3541: gcc -E  conftest.c
configure:3541: $? = 0
configure:3541: result: yes
configure:3541: checking for malloc.h
configure:3541: result: yes
configure:3541: checking for unistd.h
configure:3541: result: yes
configure:3541: checking ctype.h usability
configure:3541: gcc -c -g -O2 -Wall  conftest.c >&5
configure:3541: $? = 0
configure:3541: result: yes
configure:3541: checking ctype.h presence
configure:3541: gcc -E  conftest.c
configure:3541: $? = 0
configure:3541: result: yes
configure:3541: checking for ctype.h
configure:3541: result: yes
configure:3554: checking for stdint.h
configure:3554: result: yes
configure:3554: checking for sys/types.h
configure:3554: result: yes
configure:3554: checking for stdlib.h
configure:3554: result: yes
configure:3554: checking fcntl.h usability
configure:3554: gcc -c -g -O2 -Wall  conftest.c >&5
configure:3554: $? = 0
configure:3554: result: yes
configure:3554: checking fcntl.h presence
configure:3554: gcc -E  conftest.c
configure:3554: $? = 0
configure:3554: result: yes
configure:3554: checking for fcntl.h
configure:3554: result: yes
configure:3554: checking sys/file.h usability
configure:3554: gcc -c -g -O2 -Wall  conftest.c >&5
configure:3554: $? = 0
configure:3554: result: yes
configure:3554: checking sys/file.h presence
configure:3554: gcc -E  conftest.c
configure:3554: $? = 0
configure:3554: result: yes
configure:3554: checking for sys/file.h
configure:3554: result: yes
configure:3567: checking limits.h usability
configure:3567: gcc -c -g -O2 -Wall  conftest.c >&5
configure:3567: $? = 0
configure:3567: result: yes
configure:3567: checking limits.h presence
configure:3567: gcc -E  conftest.c
configure:3567: $? = 0
configure:3567: result: yes
configure:3567: checking for limits.h
configure:3567: result: yes
configure:3567: checking sys/syslimits.h usability
configure:3567: gcc -c -g -O2 -Wall  conftest.c >&5
conftest.c:64:27: fatal error: sys/syslimits.h: No such file or directory
 #include <sys/syslimits.h>
                           ^
compilation terminated.
configure:3567: $? = 1
configure: failed program was:
| /* confdefs.h */
| #define PACKAGE_NAME ""
| #define PACKAGE_TARNAME ""
| #define PACKAGE_VERSION ""
| #define PACKAGE_STRING ""
| #define PACKAGE_BUGREPORT ""
| #define PACKAGE_URL ""
| #define STDC_HEADERS 1
| #define HAVE_SYS_TYPES_H 1
| #define HAVE_SYS_STAT_H 1
| #define HAVE_STDLIB_H 1
| #define HAVE_STRING_H 1
| #define HAVE_MEMORY_H 1
| #define HAVE_STRINGS_H 1
| #define HAVE_INTTYPES_H 1
| #define HAVE_STDINT_H 1
| #define HAVE_UNISTD_H 1
| #define HAVE_STRING_H 1
| #define HAVE_STRINGS_H 1
| #define HAVE_MEMORY_H 1
| #define HAVE_MALLOC_H 1
| #define HAVE_UNISTD_H 1
| #define HAVE_CTYPE_H 1
| #define HAVE_STDINT_H 1
| #define HAVE_SYS_TYPES_H 1
| #define HAVE_STDLIB_H 1
| #define HAVE_FCNTL_H 1
| #define HAVE_SYS_FILE_H 1
| #define HAVE_LIMITS_H 1
| /* end confdefs.h.  */
| #include <stdio.h>
| #ifdef HAVE_SYS_TYPES_H
| # include <sys/types.h>
| #endif
| #ifdef HAVE_SYS_STAT_H
| # include <sys/stat.h>
| #endif
| #ifdef STDC_HEADERS
| # include <stdlib.h>
| # include <stddef.h>
| #else
| # ifdef HAVE_STDLIB_H
| #  include <stdlib.h>
| # endif
| #endif
| #ifdef HAVE_STRING_H
| # if !defined STDC_HEADERS && defined HAVE_MEMORY_H
| #  include <memory.h>
| # endif
| # include <string.h>
| #endif
| #ifdef HAVE_STRINGS_H
| # include <strings.h>
| #endif
| #ifdef HAVE_INTTYPES_H
| # include <inttypes.h>
| #endif
| #ifdef HAVE_STDINT_H
| # include <stdint.h>
| #endif
| #ifdef HAVE_UNISTD_H
| # include <unistd.h>
| #endif
| #include <sys/syslimits.h>
configure:3567: result: no
configure:3567: checking sys/syslimits.h presence
configure:3567: gcc -E  conftest.c
conftest.c:31:27: fatal error: sys/syslimits.h: No such file or directory
 #include <sys/syslimits.h>
                           ^
compilation terminated.
configure:3567: $? = 1
configure: failed program was:
| /* confdefs.h */
| #define PACKAGE_NAME ""
| #define PACKAGE_TARNAME ""
| #define PACKAGE_VERSION ""
| #define PACKAGE_STRING ""
| #define PACKAGE_BUGREPORT ""
| #define PACKAGE_URL ""
| #define STDC_HEADERS 1
| #define HAVE_SYS_TYPES_H 1
| #define HAVE_SYS_STAT_H 1
| #define HAVE_STDLIB_H 1
| #define HAVE_STRING_H 1
| #define HAVE_MEMORY_H 1
| #define HAVE_STRINGS_H 1
| #define HAVE_INTTYPES_H 1
| #define HAVE_STDINT_H 1
| #define HAVE_UNISTD_H 1
| #define HAVE_STRING_H 1
| #define HAVE_STRINGS_H 1
| #define HAVE_MEMORY_H 1
| #define HAVE_MALLOC_H 1
| #define HAVE_UNISTD_H 1
| #define HAVE_CTYPE_H 1
| #define HAVE_STDINT_H 1
| #define HAVE_SYS_TYPES_H 1
| #define HAVE_STDLIB_H 1
| #define HAVE_FCNTL_H 1
| #define HAVE_SYS_FILE_H 1
| #define HAVE_LIMITS_H 1
| /* end confdefs.h.  */
| #include <sys/syslimits.h>
configure:3567: result: no
configure:3567: checking for sys/syslimits.h
configure:3567: result: no
configure:3623: checking for strip
configure:3641: found /usr/bin/strip
configure:3653: result: /usr/bin/strip
configure:3681: checking for flock
configure:3681: gcc -o conftest -g -O2 -Wall   conftest.c  >&5
configure:3681: $? = 0
configure:3681: result: yes
configure:3710: checking for socket
configure:3710: gcc -o conftest -g -O2 -Wall   conftest.c  >&5
configure:3710: $? = 0
configure:3710: result: yes
configure:3878: checking for htonl
configure:3878: gcc -o conftest -g -O2 -Wall   conftest.c  >&5
configure:3878: $? = 0
configure:3878: result: yes
configure:4046: checking for gethostname
configure:4046: gcc -o conftest -g -O2 -Wall   conftest.c  >&5
configure:4046: $? = 0
configure:4046: result: yes
configure:4214: checking for gethostbyaddr
configure:4214: gcc -o conftest -g -O2 -Wall   conftest.c  >&5
configure:4214: $? = 0
configure:4214: result: yes
configure:4382: checking for yp_get_default_domain
configure:4382: gcc -o conftest -g -O2 -Wall   conftest.c  >&5
/tmp/ccOrage7.o: In function `main':
/home/zoucao/github/mailsend/conftest.c:70: undefined reference to `yp_get_default_domain'
collect2: error: ld returned 1 exit status
configure:4382: $? = 1
configure: failed program was:
| /* confdefs.h */
| #define PACKAGE_NAME ""
| #define PACKAGE_TARNAME ""
| #define PACKAGE_VERSION ""
| #define PACKAGE_STRING ""
| #define PACKAGE_BUGREPORT ""
| #define PACKAGE_URL ""
| #define STDC_HEADERS 1
| #define HAVE_SYS_TYPES_H 1
| #define HAVE_SYS_STAT_H 1
| #define HAVE_STDLIB_H 1
| #define HAVE_STRING_H 1
| #define HAVE_MEMORY_H 1
| #define HAVE_STRINGS_H 1
| #define HAVE_INTTYPES_H 1
| #define HAVE_STDINT_H 1
| #define HAVE_UNISTD_H 1
| #define HAVE_STRING_H 1
| #define HAVE_STRINGS_H 1
| #define HAVE_MEMORY_H 1
| #define HAVE_MALLOC_H 1
| #define HAVE_UNISTD_H 1
| #define HAVE_CTYPE_H 1
| #define HAVE_STDINT_H 1
| #define HAVE_SYS_TYPES_H 1
| #define HAVE_STDLIB_H 1
| #define HAVE_FCNTL_H 1
| #define HAVE_SYS_FILE_H 1
| #define HAVE_LIMITS_H 1
| #define HAVE_FLOCK 1
| #define HAVE_SOCKET 1
| #define HAVE_HTONL 1
| #define HAVE_GETHOSTNAME 1
| #define HAVE_GETHOSTBYADDR 1
| /* end confdefs.h.  */
| /* Define yp_get_default_domain to an innocuous variant, in case <limits.h> declares yp_get_default_domain.
|    For example, HP-UX 11i <limits.h> declares gettimeofday.  */
| #define yp_get_default_domain innocuous_yp_get_default_domain
| 
| /* System header to define __stub macros and hopefully few prototypes,
|     which can conflict with char yp_get_default_domain (); below.
|     Prefer <limits.h> to <assert.h> if __STDC__ is defined, since
|     <limits.h> exists even on freestanding compilers.  */
| 
| #ifdef __STDC__
| # include <limits.h>
| #else
| # include <assert.h>
| #endif
| 
| #undef yp_get_default_domain
| 
| /* Override any GCC internal prototype to avoid an error.
|    Use char because int might match the return type of a GCC
|    builtin and then its argument prototype would still apply.  */
| #ifdef __cplusplus
| extern "C"
| #endif
| char yp_get_default_domain ();
| /* The GNU C library defines this for functions which it implements
|     to always fail with ENOSYS.  Some functions are actually named
|     something starting with __ and the normal name is an alias.  */
| #if defined __stub_yp_get_default_domain || defined __stub___yp_get_default_domain
| choke me
| #endif
| 
| int
| main ()
| {
| return yp_get_default_domain ();
|   ;
|   return 0;
| }
configure:4382: result: no
configure:4386: checking for __yp_get_default_domain
configure:4386: gcc -o conftest -g -O2 -Wall   conftest.c  >&5
/tmp/cc7tdJzZ.o: In function `main':
/home/zoucao/github/mailsend/conftest.c:70: undefined reference to `__yp_get_default_domain'
collect2: error: ld returned 1 exit status
configure:4386: $? = 1
configure: failed program was:
| /* confdefs.h */
| #define PACKAGE_NAME ""
| #define PACKAGE_TARNAME ""
| #define PACKAGE_VERSION ""
| #define PACKAGE_STRING ""
| #define PACKAGE_BUGREPORT ""
| #define PACKAGE_URL ""
| #define STDC_HEADERS 1
| #define HAVE_SYS_TYPES_H 1
| #define HAVE_SYS_STAT_H 1
| #define HAVE_STDLIB_H 1
| #define HAVE_STRING_H 1
| #define HAVE_MEMORY_H 1
| #define HAVE_STRINGS_H 1
| #define HAVE_INTTYPES_H 1
| #define HAVE_STDINT_H 1
| #define HAVE_UNISTD_H 1
| #define HAVE_STRING_H 1
| #define HAVE_STRINGS_H 1
| #define HAVE_MEMORY_H 1
| #define HAVE_MALLOC_H 1
| #define HAVE_UNISTD_H 1
| #define HAVE_CTYPE_H 1
| #define HAVE_STDINT_H 1
| #define HAVE_SYS_TYPES_H 1
| #define HAVE_STDLIB_H 1
| #define HAVE_FCNTL_H 1
| #define HAVE_SYS_FILE_H 1
| #define HAVE_LIMITS_H 1
| #define HAVE_FLOCK 1
| #define HAVE_SOCKET 1
| #define HAVE_HTONL 1
| #define HAVE_GETHOSTNAME 1
| #define HAVE_GETHOSTBYADDR 1
| /* end confdefs.h.  */
| /* Define __yp_get_default_domain to an innocuous variant, in case <limits.h> declares __yp_get_default_domain.
|    For example, HP-UX 11i <limits.h> declares gettimeofday.  */
| #define __yp_get_default_domain innocuous___yp_get_default_domain
| 
| /* System header to define __stub macros and hopefully few prototypes,
|     which can conflict with char __yp_get_default_domain (); below.
|     Prefer <limits.h> to <assert.h> if __STDC__ is defined, since
|     <limits.h> exists even on freestanding compilers.  */
| 
| #ifdef __STDC__
| # include <limits.h>
| #else
| # include <assert.h>
| #endif
| 
| #undef __yp_get_default_domain
| 
| /* Override any GCC internal prototype to avoid an error.
|    Use char because int might match the return type of a GCC
|    builtin and then its argument prototype would still apply.  */
| #ifdef __cplusplus
| extern "C"
| #endif
| char __yp_get_default_domain ();
| /* The GNU C library defines this for functions which it implements
|     to always fail with ENOSYS.  Some functions are actually named
|     something starting with __ and the normal name is an alias.  */
| #if defined __stub___yp_get_default_domain || defined __stub_____yp_get_default_domain
| choke me
| #endif
| 
| int
| main ()
| {
| return __yp_get_default_domain ();
|   ;
|   return 0;
| }
configure:4386: result: no
configure:4409: checking for yp_get_default_domain in -lnsl
configure:4434: gcc -o conftest -g -O2 -Wall   conftest.c -lnsl   >&5
configure:4434: $? = 0
configure:4443: result: yes
configure:4505: gcc -o conftest -g -O2 -Wall   conftest.c  -lnsl >&5
conftest.c:36:1: warning: return type defaults to 'int' [-Wreturn-type]
 main() { return (0); }
 ^
configure:4505: $? = 0
configure:4505: ./conftest
configure:4505: $? = 0
configure:4551: checking for res_search
configure:4551: gcc -o conftest -g -O2 -Wall   conftest.c -lnsl  >&5
/tmp/ccEYIwM2.o: In function `main':
/home/zoucao/github/mailsend/conftest.c:72: undefined reference to `res_search'
collect2: error: ld returned 1 exit status
configure:4551: $? = 1
configure: failed program was:
| /* confdefs.h */
| #define PACKAGE_NAME ""
| #define PACKAGE_TARNAME ""
| #define PACKAGE_VERSION ""
| #define PACKAGE_STRING ""
| #define PACKAGE_BUGREPORT ""
| #define PACKAGE_URL ""
| #define STDC_HEADERS 1
| #define HAVE_SYS_TYPES_H 1
| #define HAVE_SYS_STAT_H 1
| #define HAVE_STDLIB_H 1
| #define HAVE_STRING_H 1
| #define HAVE_MEMORY_H 1
| #define HAVE_STRINGS_H 1
| #define HAVE_INTTYPES_H 1
| #define HAVE_STDINT_H 1
| #define HAVE_UNISTD_H 1
| #define HAVE_STRING_H 1
| #define HAVE_STRINGS_H 1
| #define HAVE_MEMORY_H 1
| #define HAVE_MALLOC_H 1
| #define HAVE_UNISTD_H 1
| #define HAVE_CTYPE_H 1
| #define HAVE_STDINT_H 1
| #define HAVE_SYS_TYPES_H 1
| #define HAVE_STDLIB_H 1
| #define HAVE_FCNTL_H 1
| #define HAVE_SYS_FILE_H 1
| #define HAVE_LIMITS_H 1
| #define HAVE_FLOCK 1
| #define HAVE_SOCKET 1
| #define HAVE_HTONL 1
| #define HAVE_GETHOSTNAME 1
| #define HAVE_GETHOSTBYADDR 1
| #define HAVE_YP_GET_DEFAULT_DOMAIN 1
| #define HAVE_LIBNSL 1
| /* end confdefs.h.  */
| /* Define res_search to an innocuous variant, in case <limits.h> declares res_search.
|    For example, HP-UX 11i <limits.h> declares gettimeofday.  */
| #define res_search innocuous_res_search
| 
| /* System header to define __stub macros and hopefully few prototypes,
|     which can conflict with char res_search (); below.
|     Prefer <limits.h> to <assert.h> if __STDC__ is defined, since
|     <limits.h> exists even on freestanding compilers.  */
| 
| #ifdef __STDC__
| # include <limits.h>
| #else
| # include <assert.h>
| #endif
| 
| #undef res_search
| 
| /* Override any GCC internal prototype to avoid an error.
|    Use char because int might match the return type of a GCC
|    builtin and then its argument prototype would still apply.  */
| #ifdef __cplusplus
| extern "C"
| #endif
| char res_search ();
| /* The GNU C library defines this for functions which it implements
|     to always fail with ENOSYS.  Some functions are actually named
|     something starting with __ and the normal name is an alias.  */
| #if defined __stub_res_search || defined __stub___res_search
| choke me
| #endif
| 
| int
| main ()
| {
| return res_search ();
|   ;
|   return 0;
| }
configure:4551: result: no
configure:4555: checking for __res_search
configure:4555: gcc -o conftest -g -O2 -Wall   conftest.c -lnsl  >&5
/tmp/ccXLXqd7.o: In function `main':
/home/zoucao/github/mailsend/conftest.c:72: undefined reference to `__res_search'
collect2: error: ld returned 1 exit status
configure:4555: $? = 1
configure: failed program was:
| /* confdefs.h */
| #define PACKAGE_NAME ""
| #define PACKAGE_TARNAME ""
| #define PACKAGE_VERSION ""
| #define PACKAGE_STRING ""
| #define PACKAGE_BUGREPORT ""
| #define PACKAGE_URL ""
| #define STDC_HEADERS 1
| #define HAVE_SYS_TYPES_H 1
| #define HAVE_SYS_STAT_H 1
| #define HAVE_STDLIB_H 1
| #define HAVE_STRING_H 1
| #define HAVE_MEMORY_H 1
| #define HAVE_STRINGS_H 1
| #define HAVE_INTTYPES_H 1
| #define HAVE_STDINT_H 1
| #define HAVE_UNISTD_H 1
| #define HAVE_STRING_H 1
| #define HAVE_STRINGS_H 1
| #define HAVE_MEMORY_H 1
| #define HAVE_MALLOC_H 1
| #define HAVE_UNISTD_H 1
| #define HAVE_CTYPE_H 1
| #define HAVE_STDINT_H 1
| #define HAVE_SYS_TYPES_H 1
| #define HAVE_STDLIB_H 1
| #define HAVE_FCNTL_H 1
| #define HAVE_SYS_FILE_H 1
| #define HAVE_LIMITS_H 1
| #define HAVE_FLOCK 1
| #define HAVE_SOCKET 1
| #define HAVE_HTONL 1
| #define HAVE_GETHOSTNAME 1
| #define HAVE_GETHOSTBYADDR 1
| #define HAVE_YP_GET_DEFAULT_DOMAIN 1
| #define HAVE_LIBNSL 1
| /* end confdefs.h.  */
| /* Define __res_search to an innocuous variant, in case <limits.h> declares __res_search.
|    For example, HP-UX 11i <limits.h> declares gettimeofday.  */
| #define __res_search innocuous___res_search
| 
| /* System header to define __stub macros and hopefully few prototypes,
|     which can conflict with char __res_search (); below.
|     Prefer <limits.h> to <assert.h> if __STDC__ is defined, since
|     <limits.h> exists even on freestanding compilers.  */
| 
| #ifdef __STDC__
| # include <limits.h>
| #else
| # include <assert.h>
| #endif
| 
| #undef __res_search
| 
| /* Override any GCC internal prototype to avoid an error.
|    Use char because int might match the return type of a GCC
|    builtin and then its argument prototype would still apply.  */
| #ifdef __cplusplus
| extern "C"
| #endif
| char __res_search ();
| /* The GNU C library defines this for functions which it implements
|     to always fail with ENOSYS.  Some functions are actually named
|     something starting with __ and the normal name is an alias.  */
| #if defined __stub___res_search || defined __stub_____res_search
| choke me
| #endif
| 
| int
| main ()
| {
| return __res_search ();
|   ;
|   return 0;
| }
configure:4555: result: no
configure:4578: checking for res_search in -lresolv
configure:4603: gcc -o conftest -g -O2 -Wall   conftest.c -lresolv  -lnsl  >&5
/tmp/ccxvCxQ9.o: In function `main':
/home/zoucao/github/mailsend/conftest.c:49: undefined reference to `res_search'
collect2: error: ld returned 1 exit status
configure:4603: $? = 1
configure: failed program was:
| /* confdefs.h */
| #define PACKAGE_NAME ""
| #define PACKAGE_TARNAME ""
| #define PACKAGE_VERSION ""
| #define PACKAGE_STRING ""
| #define PACKAGE_BUGREPORT ""
| #define PACKAGE_URL ""
| #define STDC_HEADERS 1
| #define HAVE_SYS_TYPES_H 1
| #define HAVE_SYS_STAT_H 1
| #define HAVE_STDLIB_H 1
| #define HAVE_STRING_H 1
| #define HAVE_MEMORY_H 1
| #define HAVE_STRINGS_H 1
| #define HAVE_INTTYPES_H 1
| #define HAVE_STDINT_H 1
| #define HAVE_UNISTD_H 1
| #define HAVE_STRING_H 1
| #define HAVE_STRINGS_H 1
| #define HAVE_MEMORY_H 1
| #define HAVE_MALLOC_H 1
| #define HAVE_UNISTD_H 1
| #define HAVE_CTYPE_H 1
| #define HAVE_STDINT_H 1
| #define HAVE_SYS_TYPES_H 1
| #define HAVE_STDLIB_H 1
| #define HAVE_FCNTL_H 1
| #define HAVE_SYS_FILE_H 1
| #define HAVE_LIMITS_H 1
| #define HAVE_FLOCK 1
| #define HAVE_SOCKET 1
| #define HAVE_HTONL 1
| #define HAVE_GETHOSTNAME 1
| #define HAVE_GETHOSTBYADDR 1
| #define HAVE_YP_GET_DEFAULT_DOMAIN 1
| #define HAVE_LIBNSL 1
| /* end confdefs.h.  */
| 
| /* Override any GCC internal prototype to avoid an error.
|    Use char because int might match the return type of a GCC
|    builtin and then its argument prototype would still apply.  */
| #ifdef __cplusplus
| extern "C"
| #endif
| char res_search ();
| int
| main ()
| {
| return res_search ();
|   ;
|   return 0;
| }
configure:4612: result: no
configure:4618: checking for __res_search in -lresolv
configure:4643: gcc -o conftest -g -O2 -Wall   conftest.c -lresolv  -lnsl  >&5
configure:4643: $? = 0
configure:4652: result: yes
configure:4674: gcc -o conftest -g -O2 -Wall   conftest.c -lnsl  -lresolv >&5
conftest.c:38:1: warning: return type defaults to 'int' [-Wreturn-type]
 main() { return (0); }
 ^
configure:4674: $? = 0
configure:4674: ./conftest
configure:4674: $? = 0
configure:4990: checking for inet_aton
configure:4990: gcc -o conftest -g -O2 -Wall   conftest.c -lresolv -lnsl  >&5
configure:4990: $? = 0
configure:4990: result: yes
configure:5293: checking for dn_skipname
configure:5293: gcc -o conftest -g -O2 -Wall   conftest.c -lresolv -lnsl  >&5
/tmp/ccTcQfsh.o: In function `main':
/home/zoucao/github/mailsend/conftest.c:75: undefined reference to `dn_skipname'
collect2: error: ld returned 1 exit status
configure:5293: $? = 1
configure: failed program was:
| /* confdefs.h */
| #define PACKAGE_NAME ""
| #define PACKAGE_TARNAME ""
| #define PACKAGE_VERSION ""
| #define PACKAGE_STRING ""
| #define PACKAGE_BUGREPORT ""
| #define PACKAGE_URL ""
| #define STDC_HEADERS 1
| #define HAVE_SYS_TYPES_H 1
| #define HAVE_SYS_STAT_H 1
| #define HAVE_STDLIB_H 1
| #define HAVE_STRING_H 1
| #define HAVE_MEMORY_H 1
| #define HAVE_STRINGS_H 1
| #define HAVE_INTTYPES_H 1
| #define HAVE_STDINT_H 1
| #define HAVE_UNISTD_H 1
| #define HAVE_STRING_H 1
| #define HAVE_STRINGS_H 1
| #define HAVE_MEMORY_H 1
| #define HAVE_MALLOC_H 1
| #define HAVE_UNISTD_H 1
| #define HAVE_CTYPE_H 1
| #define HAVE_STDINT_H 1
| #define HAVE_SYS_TYPES_H 1
| #define HAVE_STDLIB_H 1
| #define HAVE_FCNTL_H 1
| #define HAVE_SYS_FILE_H 1
| #define HAVE_LIMITS_H 1
| #define HAVE_FLOCK 1
| #define HAVE_SOCKET 1
| #define HAVE_HTONL 1
| #define HAVE_GETHOSTNAME 1
| #define HAVE_GETHOSTBYADDR 1
| #define HAVE_YP_GET_DEFAULT_DOMAIN 1
| #define HAVE_LIBNSL 1
| #define HAVE_RES_SEARCH 1
| #define HAVE_LIBRESOLV 1
| #define HAVE_INET_ATON 1
| /* end confdefs.h.  */
| /* Define dn_skipname to an innocuous variant, in case <limits.h> declares dn_skipname.
|    For example, HP-UX 11i <limits.h> declares gettimeofday.  */
| #define dn_skipname innocuous_dn_skipname
| 
| /* System header to define __stub macros and hopefully few prototypes,
|     which can conflict with char dn_skipname (); below.
|     Prefer <limits.h> to <assert.h> if __STDC__ is defined, since
|     <limits.h> exists even on freestanding compilers.  */
| 
| #ifdef __STDC__
| # include <limits.h>
| #else
| # include <assert.h>
| #endif
| 
| #undef dn_skipname
| 
| /* Override any GCC internal prototype to avoid an error.
|    Use char because int might match the return type of a GCC
|    builtin and then its argument prototype would still apply.  */
| #ifdef __cplusplus
| extern "C"
| #endif
| char dn_skipname ();
| /* The GNU C library defines this for functions which it implements
|     to always fail with ENOSYS.  Some functions are actually named
|     something starting with __ and the normal name is an alias.  */
| #if defined __stub_dn_skipname || defined __stub___dn_skipname
| choke me
| #endif
| 
| int
| main ()
| {
| return dn_skipname ();
|   ;
|   return 0;
| }
configure:5293: result: no
configure:5297: checking for __dn_skipname
configure:5297: gcc -o conftest -g -O2 -Wall   conftest.c -lresolv -lnsl  >&5
configure:5297: $? = 0
configure:5297: result: yes
configure:5596: checking for mkstemp
configure:5596: gcc -o conftest -g -O2 -Wall   conftest.c -lresolv -lnsl  >&5
configure:5596: $? = 0
configure:5596: result: yes
configure:5625: checking for getaddrinfo
configure:5625: gcc -o conftest -g -O2 -Wall   conftest.c -lresolv -lnsl  >&5
configure:5625: $? = 0
configure:5625: result: yes
configure:5652: checking for OpenSSL
configure:5717: result: no
configure:5968: creating ./config.status

## ---------------------- ##
## Running config.status. ##
## ---------------------- ##

This file was extended by config.status, which was
generated by GNU Autoconf 2.69.  Invocation command line was

  CONFIG_FILES    = 
  CONFIG_HEADERS  = 
  CONFIG_LINKS    = 
  CONFIG_COMMANDS = 
  $ ./config.status 

on zoucao-pek1

config.status:744: creating Makefile
config.status:744: creating libs/libmsock/Makefile
config.status:744: creating libs/libmutils/mkey.c
config.status:744: creating libs/libmutils/Makefile
config.status:744: creating libs/libsll/Makefile

## ---------------- ##
## Cache variables. ##
## ---------------- ##

ac_cv_c_compiler_gnu=yes
ac_cv_env_CC_set=
ac_cv_env_CC_value=
ac_cv_env_CFLAGS_set=
ac_cv_env_CFLAGS_value=
ac_cv_env_CPPFLAGS_set=
ac_cv_env_CPPFLAGS_value=
ac_cv_env_CPP_set=
ac_cv_env_CPP_value=
ac_cv_env_LDFLAGS_set=
ac_cv_env_LDFLAGS_value=
ac_cv_env_LIBS_set=
ac_cv_env_LIBS_value=
ac_cv_env_build_alias_set=
ac_cv_env_build_alias_value=
ac_cv_env_host_alias_set=
ac_cv_env_host_alias_value=
ac_cv_env_target_alias_set=
ac_cv_env_target_alias_value=
ac_cv_func___dn_skipname=yes
ac_cv_func___res_search=no
ac_cv_func___yp_get_default_domain=no
ac_cv_func_dn_skipname=yes
ac_cv_func_flock=yes
ac_cv_func_getaddrinfo=yes
ac_cv_func_gethostbyaddr=yes
ac_cv_func_gethostname=yes
ac_cv_func_htonl=yes
ac_cv_func_inet_aton=yes
ac_cv_func_mkstemp=yes
ac_cv_func_res_search=yes
ac_cv_func_socket=yes
ac_cv_func_yp_get_default_domain=yes
ac_cv_header_ctype_h=yes
ac_cv_header_fcntl_h=yes
ac_cv_header_inttypes_h=yes
ac_cv_header_limits_h=yes
ac_cv_header_malloc_h=yes
ac_cv_header_memory_h=yes
ac_cv_header_stdc=yes
ac_cv_header_stdint_h=yes
ac_cv_header_stdlib_h=yes
ac_cv_header_string_h=yes
ac_cv_header_strings_h=yes
ac_cv_header_sys_file_h=yes
ac_cv_header_sys_stat_h=yes
ac_cv_header_sys_syslimits_h=no
ac_cv_header_sys_types_h=yes
ac_cv_header_unistd_h=yes
ac_cv_lib_nsl_yp_get_default_domain=yes
ac_cv_lib_resolv___res_search=yes
ac_cv_lib_resolv_res_search=no
ac_cv_objext=o
ac_cv_path_EGREP='/bin/grep -E'
ac_cv_path_GREP=/bin/grep
ac_cv_path_ac_pt_STRIP=/usr/bin/strip
ac_cv_path_install='/usr/bin/install -c'
ac_cv_prog_CPP='gcc -E'
ac_cv_prog_ac_ct_CC=gcc
ac_cv_prog_ac_ct_RANLIB=ranlib
ac_cv_prog_cc_c89=
ac_cv_prog_cc_g=yes
ac_cv_prog_make_make_set=yes

## ----------------- ##
## Output variables. ##
## ----------------- ##

CC='gcc'
CFLAGS='-g -O2 -Wall'
CPP='gcc -E'
CPPFLAGS=''
DEFS='-DPACKAGE_NAME=\"\" -DPACKAGE_TARNAME=\"\" -DPACKAGE_VERSION=\"\" -DPACKAGE_STRING=\"\" -DPACKAGE_BUGREPORT=\"\" -DPACKAGE_URL=\"\" -DSTDC_HEADERS=1 -DHAVE_SYS_TYPES_H=1 -DHAVE_SYS_STAT_H=1 -DHAVE_STDLIB_H=1 -DHAVE_STRING_H=1 -DHAVE_MEMORY_H=1 -DHAVE_STRINGS_H=1 -DHAVE_INTTYPES_H=1 -DHAVE_STDINT_H=1 -DHAVE_UNISTD_H=1 -DHAVE_STRING_H=1 -DHAVE_STRINGS_H=1 -DHAVE_MEMORY_H=1 -DHAVE_MALLOC_H=1 -DHAVE_UNISTD_H=1 -DHAVE_CTYPE_H=1 -DHAVE_STDINT_H=1 -DHAVE_SYS_TYPES_H=1 -DHAVE_STDLIB_H=1 -DHAVE_FCNTL_H=1 -DHAVE_SYS_FILE_H=1 -DHAVE_LIMITS_H=1 -DHAVE_FLOCK=1 -DHAVE_SOCKET=1 -DHAVE_HTONL=1 -DHAVE_GETHOSTNAME=1 -DHAVE_GETHOSTBYADDR=1 -DHAVE_YP_GET_DEFAULT_DOMAIN=1 -DHAVE_LIBNSL=1 -DHAVE_RES_SEARCH=1 -DHAVE_LIBRESOLV=1 -DHAVE_INET_ATON=1 -DHAVE_DN_SKIPNAME=1 -DHAVE_MKSTEMP=1 -DHAVE_GETADDRINFO=1'
DL_LIB=''
ECHO_C=''
ECHO_N='-n'
ECHO_T=''
EGREP='/bin/grep -E'
EXEEXT=''
GREP='/bin/grep'
INSTALL_DATA='${INSTALL} -m 644'
INSTALL_PROGRAM='${INSTALL}'
INSTALL_SCRIPT='${INSTALL}'
IV_HEX=''
LDFLAGS=''
LIBOBJS=''
LIBS='-lresolv -lnsl '
LTLIBOBJS=''
MKEY_GENERATED='Tue Feb  2 10:56:22 CST 2016'
MKEY_HEX=''
OBJEXT='o'
OPENSSL_DIR=''
OPENSSL_INC=''
OPENSSL_LIBS=''
PACKAGE_BUGREPORT=''
PACKAGE_NAME=''
PACKAGE_STRING=''
PACKAGE_TARNAME=''
PACKAGE_URL=''
PACKAGE_VERSION=''
PATH_SEPARATOR=':'
RANLIB='ranlib'
SET_MAKE=''
SHELL='/bin/bash'
STRIP='/usr/bin/strip'
ac_ct_CC='gcc'
bindir='${exec_prefix}/bin'
build_alias=''
datadir='${datarootdir}'
datarootdir='${prefix}/share'
docdir='${datarootdir}/doc/${PACKAGE}'
dvidir='${docdir}'
exec_prefix='${prefix}'
host_alias=''
htmldir='${docdir}'
includedir='${prefix}/include'
infodir='${datarootdir}/info'
libdir='${exec_prefix}/lib'
libexecdir='${exec_prefix}/libexec'
localedir='${datarootdir}/locale'
localstatedir='${prefix}/var'
mandir='${datarootdir}/man'
oldincludedir='/usr/include'
pdfdir='${docdir}'
prefix='/usr/local'
program_transform_name='s,x,x,'
psdir='${docdir}'
sbindir='${exec_prefix}/sbin'
sharedstatedir='${prefix}/com'
sysconfdir='${prefix}/etc'
target_alias=''

## ----------- ##
## confdefs.h. ##
## ----------- ##

/* confdefs.h */
#define PACKAGE_NAME ""
#define PACKAGE_TARNAME ""
#define PACKAGE_VERSION ""
#define PACKAGE_STRING ""
#define PACKAGE_BUGREPORT ""
#define PACKAGE_URL ""
#define STDC_HEADERS 1
#define HAVE_SYS_TYPES_H 1
#define HAVE_SYS_STAT_H 1
#define HAVE_STDLIB_H 1
#define HAVE_STRING_H 1
#define HAVE_MEMORY_H 1
#define HAVE_STRINGS_H 1
#define HAVE_INTTYPES_H 1
#define HAVE_STDINT_H 1
#define HAVE_UNISTD_H 1
#define HAVE_STRING_H 1
#define HAVE_STRINGS_H 1
#define HAVE_MEMORY_H 1
#define HAVE_MALLOC_H 1
#define HAVE_UNISTD_H 1
#define HAVE_CTYPE_H 1
#define HAVE_STDINT_H 1
#define HAVE_SYS_TYPES_H 1
#define HAVE_STDLIB_H 1
#define HAVE_FCNTL_H 1
#define HAVE_SYS_FILE_H 1
#define HAVE_LIMITS_H 1
#define HAVE_FLOCK 1
#define HAVE_SOCKET 1
#define HAVE_HTONL 1
#define HAVE_GETHOSTNAME 1
#define HAVE_GETHOSTBYADDR 1
#define HAVE_YP_GET_DEFAULT_DOMAIN 1
#define HAVE_LIBNSL 1
#define HAVE_RES_SEARCH 1
#define HAVE_LIBRESOLV 1
#define HAVE_INET_ATON 1
#define HAVE_DN_SKIPNAME 1
#define HAVE_MKSTEMP 1
#define HAVE_GETADDRINFO 1

configure: exit 0
